Using pre-set license
Built from '6000.0/staging' branch; Version is '6000.0.33f1 (433b0a79340b) revision 4406026'; Using compiler version '193933523'; Build Type 'Release'
OS: 'Windows 10  (10.0.19045) 64bit Professional' Language: 'en' Physical Memory: 32670 MB
BatchMode: 1, IsHumanControllingUs: 0, StartBugReporterOnCrash: 0, Is64bit: 1, IsPro: 1

COMMAND LINE ARGUMENTS:
C:\Program Files\Unity\Hub\Editor\6000.0.33f1\Editor\Unity.exe
-adb2
-batchMode
-noUpm
-name
AssetImportWorker0
-projectPath
C:/Users/Jeff/My project
-logFile
Logs/AssetImportWorker0.log
-srvPort
53330
-job-worker-count
7
-background-job-worker-count
8
-gc-helper-count
1
Successfully changed project path to: C:/Users/Jeff/My project
C:/Users/Jeff/My project
[UnityMemory] Configuration Parameters - Can be set up in boot.config
    "memorysetup-bucket-allocator-granularity=16"
    "memorysetup-bucket-allocator-bucket-count=8"
    "memorysetup-bucket-allocator-block-size=33554432"
    "memorysetup-bucket-allocator-block-count=8"
    "memorysetup-main-allocator-block-size=16777216"
    "memorysetup-thread-allocator-block-size=16777216"
    "memorysetup-gfx-main-allocator-block-size=16777216"
    "memorysetup-gfx-thread-allocator-block-size=16777216"
    "memorysetup-cache-allocator-block-size=4194304"
    "memorysetup-typetree-allocator-block-size=2097152"
    "memorysetup-profiler-bucket-allocator-granularity=16"
    "memorysetup-profiler-bucket-allocator-bucket-count=8"
    "memorysetup-profiler-bucket-allocator-block-size=33554432"
    "memorysetup-profiler-bucket-allocator-block-count=8"
    "memorysetup-profiler-allocator-block-size=16777216"
    "memorysetup-profiler-editor-allocator-block-size=1048576"
    "memorysetup-temp-allocator-size-main=16777216"
    "memorysetup-job-temp-allocator-block-size=2097152"
    "memorysetup-job-temp-allocator-block-size-background=1048576"
    "memorysetup-job-temp-allocator-reduction-small-platforms=262144"
    "memorysetup-allocator-temp-initial-block-size-main=262144"
    "memorysetup-allocator-temp-initial-block-size-worker=262144"
    "memorysetup-temp-allocator-size-background-worker=32768"
    "memorysetup-temp-allocator-size-job-worker=262144"
    "memorysetup-temp-allocator-size-preload-manager=33554432"
    "memorysetup-temp-allocator-size-nav-mesh-worker=65536"
    "memorysetup-temp-allocator-size-audio-worker=65536"
    "memorysetup-temp-allocator-size-cloud-worker=32768"
    "memorysetup-temp-allocator-size-gi-baking-worker=262144"
    "memorysetup-temp-allocator-size-gi-baking-worker=262144"
    "memorysetup-temp-allocator-size-gi-baking-worker=262144"
    "memorysetup-temp-allocator-size-gi-baking-worker=262144"
    "memorysetup-temp-allocator-size-gi-baking-worker=262144"
    "memorysetup-temp-allocator-size-gfx=262144"
Player connection [32716]  Target information:

Player connection [32716]  * "[IP] 192.168.111.49 [Port] 0 [Flags] 2 [Guid] 3216014669 [EditorId] 3216014669 [Version] 1048832 [Id] WindowsEditor(7,DESKTOP-0DSPRMH) [Debug] 1 [PackageName] WindowsEditor [ProjectName] Editor" 

Player connection [32716]  * "[IP] 192.168.56.1 [Port] 0 [Flags] 2 [Guid] 3216014669 [EditorId] 3216014669 [Version] 1048832 [Id] WindowsEditor(7,DESKTOP-0DSPRMH) [Debug] 1 [PackageName] WindowsEditor [ProjectName] Editor" 

Player connection [32716] Host joined multi-casting on [225.0.0.222:54997]...
Player connection [32716] Host joined alternative multi-casting on [225.0.0.222:34997]...
JobSystem: Creating JobQueue using job-worker-count value 7
[Physics::Module] Initialized fallback backend.
[Physics::Module] Id: 0xdecafbad
Library Redirect Path: Library/
[Physics::Module] Selected backend.
[Physics::Module] Name: PhysX
[Physics::Module] Id: 0xf2b8ea05
[Physics::Module] SDK Version: 4.1.2
[Physics::Module] Integration Version: 1.0.0
[Physics::Module] Threading Mode: Multi-Threaded
Refreshing native plugins compatible for Editor in 3.39 ms, found 4 plugins.
Preloading 0 native plugins for Editor in 0.00 ms.
Initialize engine version: 6000.0.33f1 (433b0a79340b)
[Subsystems] Discovering subsystems at path C:/Program Files/Unity/Hub/Editor/6000.0.33f1/Editor/Data/Resources/UnitySubsystems
[Subsystems] Discovering subsystems at path C:/Users/Jeff/My project/Assets
GfxDevice: creating device client; kGfxThreadingModeNonThreaded
Direct3D:
    Version:  Direct3D 11.0 [level 11.1]
    Renderer: NVIDIA GeForce RTX 2070 SUPER (ID=0x1e84)
    Vendor:   NVIDIA
    VRAM:     7989 MB
    Driver:   32.0.15.6094
Initialize mono
Mono path[0] = 'C:/Program Files/Unity/Hub/Editor/6000.0.33f1/Editor/Data/Managed'
Mono path[1] = 'C:/Program Files/Unity/Hub/Editor/6000.0.33f1/Editor/Data/MonoBleedingEdge/lib/mono/unityjit-win32'
Mono config path = 'C:/Program Files/Unity/Hub/Editor/6000.0.33f1/Editor/Data/MonoBleedingEdge/etc'
Using monoOptions --debugger-agent=transport=dt_socket,embedding=1,server=y,suspend=n,address=127.0.0.1:56664
Begin MonoManager ReloadAssembly
Registering precompiled unity dll's ...
Register platform support module: C:/Program Files/Unity/Hub/Editor/6000.0.33f1/Editor/Data/PlaybackEngines/WindowsStandaloneSupport/UnityEditor.WindowsStandalone.Extensions.dll
Registered in 0.004867 seconds.
- Loaded All Assemblies, in  0.452 seconds
Native extension for WindowsStandalone target not found
Mono: successfully reloaded assembly
- Finished resetting the current domain, in  0.360 seconds
Domain Reload Profiling: 811ms
	BeginReloadAssembly (149ms)
		ExecutionOrderSort (0ms)
		DisableScriptedObjects (0ms)
		BackupInstance (0ms)
		ReleaseScriptingObjects (0ms)
		CreateAndSetChildDomain (1ms)
	RebuildCommonClasses (40ms)
	RebuildNativeTypeToScriptingClass (16ms)
	initialDomainReloadingComplete (59ms)
	LoadAllAssembliesAndSetupDomain (186ms)
		LoadAssemblies (146ms)
		RebuildTransferFunctionScriptingTraits (0ms)
		AnalyzeDomain (183ms)
			TypeCache.Refresh (181ms)
				TypeCache.ScanAssembly (169ms)
			BuildScriptInfoCaches (0ms)
			ResolveRequiredComponents (0ms)
	FinalizeReload (361ms)
		ReleaseScriptCaches (0ms)
		RebuildScriptCaches (0ms)
		SetupLoadedEditorAssemblies (311ms)
			LogAssemblyErrors (0ms)
			InitializePlatformSupportModulesInManaged (29ms)
			SetLoadedEditorAssemblies (5ms)
			BeforeProcessingInitializeOnLoad (57ms)
			ProcessInitializeOnLoadAttributes (159ms)
			ProcessInitializeOnLoadMethodAttributes (61ms)
			AfterProcessingInitializeOnLoad (0ms)
			EditorAssembliesLoaded (0ms)
		ExecutionOrderSort2 (0ms)
		AwakeInstancesAfterBackupRestoration (0ms)
========================================================================
Worker process is ready to serve import requests
Import Worker Mode flag is 0x00
Begin MonoManager ReloadAssembly
- Loaded All Assemblies, in  0.925 seconds
Refreshing native plugins compatible for Editor in 1.61 ms, found 4 plugins.
Native extension for WindowsStandalone target not found
Mono: successfully reloaded assembly
- Finished resetting the current domain, in  1.065 seconds
Domain Reload Profiling: 1982ms
	BeginReloadAssembly (198ms)
		ExecutionOrderSort (0ms)
		DisableScriptedObjects (7ms)
		BackupInstance (0ms)
		ReleaseScriptingObjects (0ms)
		CreateAndSetChildDomain (36ms)
	RebuildCommonClasses (39ms)
	RebuildNativeTypeToScriptingClass (13ms)
	initialDomainReloadingComplete (48ms)
	LoadAllAssembliesAndSetupDomain (620ms)
		LoadAssemblies (443ms)
		RebuildTransferFunctionScriptingTraits (0ms)
		AnalyzeDomain (299ms)
			TypeCache.Refresh (210ms)
				TypeCache.ScanAssembly (191ms)
			BuildScriptInfoCaches (75ms)
			ResolveRequiredComponents (12ms)
	FinalizeReload (1065ms)
		ReleaseScriptCaches (0ms)
		RebuildScriptCaches (0ms)
		SetupLoadedEditorAssemblies (889ms)
			LogAssemblyErrors (0ms)
			InitializePlatformSupportModulesInManaged (2ms)
			SetLoadedEditorAssemblies (5ms)
			BeforeProcessingInitializeOnLoad (126ms)
			ProcessInitializeOnLoadAttributes (611ms)
			ProcessInitializeOnLoadMethodAttributes (138ms)
			AfterProcessingInitializeOnLoad (6ms)
			EditorAssembliesLoaded (0ms)
		ExecutionOrderSort2 (0ms)
		AwakeInstancesAfterBackupRestoration (9ms)
Launched and connected shader compiler UnityShaderCompiler.exe after 0.01 seconds
Refreshing native plugins compatible for Editor in 2.00 ms, found 4 plugins.
Preloading 0 native plugins for Editor in 0.00 ms.
Unloading 220 Unused Serialized files (Serialized files now loaded: 0)
Unloading 6568 unused Assets / (4.7 MB). Loaded Objects now: 7280.
Memory consumption went from 182.9 MB to 178.2 MB.
Total: 10.823000 ms (FindLiveObjects: 0.863800 ms CreateObjectMapping: 0.536000 ms MarkObjects: 6.461100 ms  DeleteObjects: 2.960600 ms)

========================================================================
Received Import Request.
  Time since last request: 22065.983975 seconds.
  path: Assets/UniversalRenderPipelineGlobalSettings.asset
  artifactKey: Guid(93b439a37f63240aca3dd4e01d978a9f) Importer(815301076,1909f56bfc062723c751e8b465ee728b)
Start importing Assets/UniversalRenderPipelineGlobalSettings.asset using Guid(93b439a37f63240aca3dd4e01d978a9f) Importer(815301076,1909f56bfc062723c751e8b465ee728b) (PreviewImporter) -> (artifact id: '999007484938a4722f0f3869ac71c538') in 0.0263061 seconds
Number of updated asset objects reloaded before import = 0Number of asset objects unloaded after import = 0

========================================================================
Received Import Request.
  Time since last request: 17.720846 seconds.
  path: Assets/Scenes
  artifactKey: Guid(51e09e2bf01df0840a4f13803222688c) Importer(815301076,1909f56bfc062723c751e8b465ee728b)
Start importing Assets/Scenes using Guid(51e09e2bf01df0840a4f13803222688c) Importer(815301076,1909f56bfc062723c751e8b465ee728b) (PreviewImporter) -> (artifact id: 'e8269bd1fc32f43f2c9bad298510ef90') in 0.0005046 seconds
Number of updated asset objects reloaded before import = 0Number of asset objects unloaded after import = 0

========================================================================
Received Import Request.
  Time since last request: 0.774218 seconds.
  path: Assets/Scenes/SceneCity.unity
  artifactKey: Guid(750be5aa62a89304b808a96d13848a4c) Importer(815301076,1909f56bfc062723c751e8b465ee728b)
Start importing Assets/Scenes/SceneCity.unity using Guid(750be5aa62a89304b808a96d13848a4c) Importer(815301076,1909f56bfc062723c751e8b465ee728b) (PreviewImporter) -> (artifact id: '747f1e81de17c6f2803fbfe199805bf9') in 0.0005229 seconds
Number of updated asset objects reloaded before import = 0Number of asset objects unloaded after import = 0

========================================================================
Received Import Request.
  Time since last request: 4.044743 seconds.
  path: Assets/BluBlu Games/2D Animated Skeletons
  artifactKey: Guid(9c3933a77c3016f45a81e6091c75534f) Importer(815301076,1909f56bfc062723c751e8b465ee728b)
Start importing Assets/BluBlu Games/2D Animated Skeletons using Guid(9c3933a77c3016f45a81e6091c75534f) Importer(815301076,1909f56bfc062723c751e8b465ee728b) (PreviewImporter) -> (artifact id: 'e40aadd18c80c2db3834b61f7e85ab45') in 0.0006853 seconds
Number of updated asset objects reloaded before import = 0Number of asset objects unloaded after import = 0

========================================================================
Received Import Request.
  Time since last request: 0.801032 seconds.
  path: Assets/BluBlu Games/2D Animated Skeletons/Animations
  artifactKey: Guid(4e01833aef52b1d498927ef33f847f4a) Importer(815301076,1909f56bfc062723c751e8b465ee728b)
Start importing Assets/BluBlu Games/2D Animated Skeletons/Animations using Guid(4e01833aef52b1d498927ef33f847f4a) Importer(815301076,1909f56bfc062723c751e8b465ee728b) (PreviewImporter) -> (artifact id: '0814d8a2d7ad05e1db5c66759c861b62') in 0.0005192 seconds
Number of updated asset objects reloaded before import = 0Number of asset objects unloaded after import = 0

========================================================================
Received Import Request.
  Time since last request: 0.705777 seconds.
  path: Assets/BluBlu Games/2D Animated Skeletons/Animations/Skeleton animations
  artifactKey: Guid(6b528726f82eba244ae1a290a5e1c9ed) Importer(815301076,1909f56bfc062723c751e8b465ee728b)
Start importing Assets/BluBlu Games/2D Animated Skeletons/Animations/Skeleton animations using Guid(6b528726f82eba244ae1a290a5e1c9ed) Importer(815301076,1909f56bfc062723c751e8b465ee728b) (PreviewImporter) -> (artifact id: 'f270db4749a85c84d939f39491e81be4') in 0.0005117 seconds
Number of updated asset objects reloaded before import = 0Number of asset objects unloaded after import = 0

========================================================================
Received Import Request.
  Time since last request: 4.865102 seconds.
  path: Assets/BluBlu Games/2D Animated Skeletons/Characters/skeleton.psb
  artifactKey: Guid(1544dcfa642130a45be38de38cc68fae) Importer(815301076,1909f56bfc062723c751e8b465ee728b)
Start importing Assets/BluBlu Games/2D Animated Skeletons/Characters/skeleton.psb using Guid(1544dcfa642130a45be38de38cc68fae) Importer(815301076,1909f56bfc062723c751e8b465ee728b) (PreviewImporter) -> (artifact id: 'eb9c492575fb264c5d94dee8d74fc472') in 0.6485509 seconds
Number of updated asset objects reloaded before import = 0Number of asset objects unloaded after import = 127

========================================================================
Received Import Request.
  Time since last request: 0.000036 seconds.
  path: Assets/BluBlu Games/2D Animated Skeletons/Characters/skeleton rotten with sword.psb
  artifactKey: Guid(5f7d372e57fc28f4baab9ef31f75a4bc) Importer(815301076,1909f56bfc062723c751e8b465ee728b)
Start importing Assets/BluBlu Games/2D Animated Skeletons/Characters/skeleton rotten with sword.psb using Guid(5f7d372e57fc28f4baab9ef31f75a4bc) Importer(815301076,1909f56bfc062723c751e8b465ee728b) (PreviewImporter) -> (artifact id: '1408f26b822c7c4720ee2a0a4851b882') in 0.1265778 seconds
Number of updated asset objects reloaded before import = 0Number of asset objects unloaded after import = 139

========================================================================
Received Import Request.
  Time since last request: 0.755701 seconds.
  path: Assets/BluBlu Games/2D Animated Skeletons/Prefabs/skeleton.prefab
  artifactKey: Guid(d26104f97f427174aa47a89f19e15c46) Importer(815301076,1909f56bfc062723c751e8b465ee728b)
Start importing Assets/BluBlu Games/2D Animated Skeletons/Prefabs/skeleton.prefab using Guid(d26104f97f427174aa47a89f19e15c46) Importer(815301076,1909f56bfc062723c751e8b465ee728b) (PreviewImporter) -> (artifact id: 'c3547ad40ec45004b332d6dc0a6cc9b9') in 0.0287396 seconds
Number of updated asset objects reloaded before import = 0Number of asset objects unloaded after import = 234

========================================================================
Received Import Request.
  Time since last request: 1.265656 seconds.
  path: Assets/BluBlu Games/2D Animated Skeletons/Sprites/background.png
  artifactKey: Guid(ef06e74198a531e458a49b6b18c0f1c4) Importer(815301076,1909f56bfc062723c751e8b465ee728b)
Start importing Assets/BluBlu Games/2D Animated Skeletons/Sprites/background.png using Guid(ef06e74198a531e458a49b6b18c0f1c4) Importer(815301076,1909f56bfc062723c751e8b465ee728b) (PreviewImporter) -> (artifact id: 'da93476068eab42d7e9dda41c71b3b23') in 0.0583471 seconds
Number of updated asset objects reloaded before import = 0Number of asset objects unloaded after import = 3

========================================================================
Received Import Request.
  Time since last request: 1.241136 seconds.
  path: Assets/BluBlu Games/2D Animated Skeletons/Scenes/SampleScene.unity
  artifactKey: Guid(a3f9cc442540ce347bb3d61ddc9312f6) Importer(815301076,1909f56bfc062723c751e8b465ee728b)
Start importing Assets/BluBlu Games/2D Animated Skeletons/Scenes/SampleScene.unity using Guid(a3f9cc442540ce347bb3d61ddc9312f6) Importer(815301076,1909f56bfc062723c751e8b465ee728b) (PreviewImporter) -> (artifact id: 'b1b159bbaa51706a22e129229cce4655') in 0.0006243 seconds
Number of updated asset objects reloaded before import = 0Number of asset objects unloaded after import = 0

========================================================================
Received Import Request.
  Time since last request: 7.655760 seconds.
  path: Assets/COPY SPRIGHT/Comic Battle Royale
  artifactKey: Guid(191dfd8cdbeb497458dccce84a57e1e4) Importer(815301076,1909f56bfc062723c751e8b465ee728b)
Start importing Assets/COPY SPRIGHT/Comic Battle Royale using Guid(191dfd8cdbeb497458dccce84a57e1e4) Importer(815301076,1909f56bfc062723c751e8b465ee728b) (PreviewImporter) -> (artifact id: '66aecfdb5c867811dd04ae782f877c28') in 0.0005852 seconds
Number of updated asset objects reloaded before import = 0Number of asset objects unloaded after import = 0

========================================================================
Received Import Request.
  Time since last request: 0.518208 seconds.
  path: Assets/COPY SPRIGHT/Comic Battle Royale/2D Character - Astronaut
  artifactKey: Guid(5087a08e91344de8b64609eb1abe0434) Importer(815301076,1909f56bfc062723c751e8b465ee728b)
Start importing Assets/COPY SPRIGHT/Comic Battle Royale/2D Character - Astronaut using Guid(5087a08e91344de8b64609eb1abe0434) Importer(815301076,1909f56bfc062723c751e8b465ee728b) (PreviewImporter) -> (artifact id: 'cd7b95944c3a3f39235fda1712a12e60') in 0.0005349 seconds
Number of updated asset objects reloaded before import = 0Number of asset objects unloaded after import = 0

========================================================================
Received Import Request.
  Time since last request: 0.657573 seconds.
  path: Assets/COPY SPRIGHT/Comic Battle Royale/2D Character - Astronaut/Variant A
  artifactKey: Guid(90f694900ee04d2f9df6fc6360b37fec) Importer(815301076,1909f56bfc062723c751e8b465ee728b)
Start importing Assets/COPY SPRIGHT/Comic Battle Royale/2D Character - Astronaut/Variant A using Guid(90f694900ee04d2f9df6fc6360b37fec) Importer(815301076,1909f56bfc062723c751e8b465ee728b) (PreviewImporter) -> (artifact id: 'b29e3626c7f662510085477315b01d4a') in 0.0005843 seconds
Number of updated asset objects reloaded before import = 0Number of asset objects unloaded after import = 0

========================================================================
Received Import Request.
  Time since last request: 6.377325 seconds.
  path: Assets/COPY SPRIGHT/Comic Battle Royale/2D Character - Astronaut/Variant B/Prefabs/Character/bomb_hold_down.prefab
  artifactKey: Guid(520735be657740edad1432be9ac2c59a) Importer(815301076,1909f56bfc062723c751e8b465ee728b)
Start importing Assets/COPY SPRIGHT/Comic Battle Royale/2D Character - Astronaut/Variant B/Prefabs/Character/bomb_hold_down.prefab using Guid(520735be657740edad1432be9ac2c59a) Importer(815301076,1909f56bfc062723c751e8b465ee728b) (PreviewImporter) -> (artifact id: 'fd077b0f8bf5221c17b3fe8ef6169af5') in 0.0667946 seconds
Number of updated asset objects reloaded before import = 0Number of asset objects unloaded after import = 101

========================================================================
Received Import Request.
  Time since last request: 0.000039 seconds.
  path: Assets/COPY SPRIGHT/Comic Battle Royale/2D Character - Astronaut/Variant B/Prefabs/Character/bomb_throw_up.prefab
  artifactKey: Guid(fb03146346ce42c8b8743795df997156) Importer(815301076,1909f56bfc062723c751e8b465ee728b)
Start importing Assets/COPY SPRIGHT/Comic Battle Royale/2D Character - Astronaut/Variant B/Prefabs/Character/bomb_throw_up.prefab using Guid(fb03146346ce42c8b8743795df997156) Importer(815301076,1909f56bfc062723c751e8b465ee728b) (PreviewImporter) -> (artifact id: '8e7b1c37f9d81b660c4b50f4a3919290') in 0.0189059 seconds
Number of updated asset objects reloaded before import = 0Number of asset objects unloaded after import = 55

========================================================================
Received Import Request.
  Time since last request: 0.000048 seconds.
  path: Assets/COPY SPRIGHT/Comic Battle Royale/2D Character - Astronaut/Variant B/Prefabs/Character/hammer_idle_down.prefab
  artifactKey: Guid(1653a27f1e1144d6b456af292e0c9bd1) Importer(815301076,1909f56bfc062723c751e8b465ee728b)
Start importing Assets/COPY SPRIGHT/Comic Battle Royale/2D Character - Astronaut/Variant B/Prefabs/Character/hammer_idle_down.prefab using Guid(1653a27f1e1144d6b456af292e0c9bd1) Importer(815301076,1909f56bfc062723c751e8b465ee728b) (PreviewImporter) -> (artifact id: '563243a4ada575c94bc0f90329337b9b') in 0.0204808 seconds
Number of updated asset objects reloaded before import = 0Number of asset objects unloaded after import = 22

========================================================================
Received Import Request.
  Time since last request: 0.000027 seconds.
  path: Assets/COPY SPRIGHT/Comic Battle Royale/2D Character - Astronaut/Variant B/Prefabs/Character/jump_side.prefab
  artifactKey: Guid(11fe660491d54140bacc5b74251b4763) Importer(815301076,1909f56bfc062723c751e8b465ee728b)
Start importing Assets/COPY SPRIGHT/Comic Battle Royale/2D Character - Astronaut/Variant B/Prefabs/Character/jump_side.prefab using Guid(11fe660491d54140bacc5b74251b4763) Importer(815301076,1909f56bfc062723c751e8b465ee728b) (PreviewImporter) -> (artifact id: 'a8dcf3063d8926d2005f7e5ce5a106fc') in 0.0201862 seconds
Number of updated asset objects reloaded before import = 0Number of asset objects unloaded after import = 53

========================================================================
Received Import Request.
  Time since last request: 0.000029 seconds.
  path: Assets/COPY SPRIGHT/Comic Battle Royale/2D Character - Astronaut/Variant B/Prefabs/Character/run_up.prefab
  artifactKey: Guid(b6a92cc175f44edf8e9e324623df95f2) Importer(815301076,1909f56bfc062723c751e8b465ee728b)
Start importing Assets/COPY SPRIGHT/Comic Battle Royale/2D Character - Astronaut/Variant B/Prefabs/Character/run_up.prefab using Guid(b6a92cc175f44edf8e9e324623df95f2) Importer(815301076,1909f56bfc062723c751e8b465ee728b) (PreviewImporter) -> (artifact id: '5d964305280d67b2f5283b6c6a438991') in 0.0231878 seconds
Number of updated asset objects reloaded before import = 0Number of asset objects unloaded after import = 35

========================================================================
Received Import Request.
  Time since last request: 0.000027 seconds.
  path: Assets/COPY SPRIGHT/Comic Battle Royale/2D Character - Astronaut/Variant B/Prefabs/Character/slide_up.prefab
  artifactKey: Guid(ed675b8d58534b18beca98b90528049b) Importer(815301076,1909f56bfc062723c751e8b465ee728b)
Start importing Assets/COPY SPRIGHT/Comic Battle Royale/2D Character - Astronaut/Variant B/Prefabs/Character/slide_up.prefab using Guid(ed675b8d58534b18beca98b90528049b) Importer(815301076,1909f56bfc062723c751e8b465ee728b) (PreviewImporter) -> (artifact id: 'd17c8d661faaf6b14c08bc547b608812') in 0.0218191 seconds
Number of updated asset objects reloaded before import = 0Number of asset objects unloaded after import = 37

========================================================================
Received Import Request.
  Time since last request: 0.000041 seconds.
  path: Assets/COPY SPRIGHT/Comic Battle Royale/2D Character - Astronaut/Variant B/Prefabs/Character/bomb_walk_side.prefab
  artifactKey: Guid(7f130dd4dd1d45c39e8576a9b13815a6) Importer(815301076,1909f56bfc062723c751e8b465ee728b)
Start importing Assets/COPY SPRIGHT/Comic Battle Royale/2D Character - Astronaut/Variant B/Prefabs/Character/bomb_walk_side.prefab using Guid(7f130dd4dd1d45c39e8576a9b13815a6) Importer(815301076,1909f56bfc062723c751e8b465ee728b) (PreviewImporter) -> (artifact id: '955589fcd14ed5e024e63da080963d98') in 0.1049814 seconds
Number of updated asset objects reloaded before import = 0Number of asset objects unloaded after import = 147

========================================================================
Received Import Request.
  Time since last request: 0.000048 seconds.
  path: Assets/COPY SPRIGHT/Comic Battle Royale/2D Character - Astronaut/Variant B/Prefabs/Character/gun_walk_up.prefab
  artifactKey: Guid(0fd1960198a74c1ca9f0bba544d206cb) Importer(815301076,1909f56bfc062723c751e8b465ee728b)
Start importing Assets/COPY SPRIGHT/Comic Battle Royale/2D Character - Astronaut/Variant B/Prefabs/Character/gun_walk_up.prefab using Guid(0fd1960198a74c1ca9f0bba544d206cb) Importer(815301076,1909f56bfc062723c751e8b465ee728b) (PreviewImporter) -> (artifact id: '196e7eea37ad1846a514aa5975870c6d') in 0.0203318 seconds
Number of updated asset objects reloaded before import = 0Number of asset objects unloaded after import = 58

========================================================================
Received Import Request.
  Time since last request: 0.000024 seconds.
  path: Assets/COPY SPRIGHT/Comic Battle Royale/2D Character - Astronaut/Variant B/Prefabs/Character/bow_up.prefab
  artifactKey: Guid(47ba1c82d9f74974867f994b83f67c74) Importer(815301076,1909f56bfc062723c751e8b465ee728b)
Start importing Assets/COPY SPRIGHT/Comic Battle Royale/2D Character - Astronaut/Variant B/Prefabs/Character/bow_up.prefab using Guid(47ba1c82d9f74974867f994b83f67c74) Importer(815301076,1909f56bfc062723c751e8b465ee728b) (PreviewImporter) -> (artifact id: 'e0a9cb6d028c45ddebfec3fa5c99c877') in 0.0181222 seconds
Number of updated asset objects reloaded before import = 0Number of asset objects unloaded after import = 24

========================================================================
Received Import Request.
  Time since last request: 0.000025 seconds.
  path: Assets/COPY SPRIGHT/Comic Battle Royale/2D Character - Astronaut/Variant B/Prefabs/Character/hit_A_side.prefab
  artifactKey: Guid(5b306611b5ae4c0caec30c216297f3c5) Importer(815301076,1909f56bfc062723c751e8b465ee728b)
Start importing Assets/COPY SPRIGHT/Comic Battle Royale/2D Character - Astronaut/Variant B/Prefabs/Character/hit_A_side.prefab using Guid(5b306611b5ae4c0caec30c216297f3c5) Importer(815301076,1909f56bfc062723c751e8b465ee728b) (PreviewImporter) -> (artifact id: '78ac2e341315e63e5022f6be253d0bcd') in 0.019394 seconds
Number of updated asset objects reloaded before import = 0Number of asset objects unloaded after import = 41

========================================================================
Received Import Request.
  Time since last request: 0.000024 seconds.
  path: Assets/COPY SPRIGHT/Comic Battle Royale/2D Character - Astronaut/Variant B/Prefabs/Character/scythe_attack_down.prefab
  artifactKey: Guid(7c50e983c58440f49b14f4d2ac27dd6d) Importer(815301076,1909f56bfc062723c751e8b465ee728b)
Start importing Assets/COPY SPRIGHT/Comic Battle Royale/2D Character - Astronaut/Variant B/Prefabs/Character/scythe_attack_down.prefab using Guid(7c50e983c58440f49b14f4d2ac27dd6d) Importer(815301076,1909f56bfc062723c751e8b465ee728b) (PreviewImporter) -> (artifact id: '0289c854f3ba7ad487411565f02fc790') in 0.0297066 seconds
Number of updated asset objects reloaded before import = 0Number of asset objects unloaded after import = 115

========================================================================
Received Import Request.
  Time since last request: 0.000038 seconds.
  path: Assets/COPY SPRIGHT/Comic Battle Royale/2D Character - Astronaut/Variant B/Prefabs/Character/bomb_walk_down.prefab
  artifactKey: Guid(46c37ca27aeb4be6840c270e52e2e21a) Importer(815301076,1909f56bfc062723c751e8b465ee728b)
Start importing Assets/COPY SPRIGHT/Comic Battle Royale/2D Character - Astronaut/Variant B/Prefabs/Character/bomb_walk_down.prefab using Guid(46c37ca27aeb4be6840c270e52e2e21a) Importer(815301076,1909f56bfc062723c751e8b465ee728b) (PreviewImporter) -> (artifact id: 'a96d9e9cb391344abd96e64a004604cb') in 0.024222 seconds
Number of updated asset objects reloaded before import = 0Number of asset objects unloaded after import = 99

========================================================================
Received Import Request.
  Time since last request: 0.000036 seconds.
  path: Assets/COPY SPRIGHT/Comic Battle Royale/2D Character - Astronaut/Variant B/Prefabs/Character/hammer_idle_side.prefab
  artifactKey: Guid(ad7f43f1bbd64ccfa93c5cb6ca03463e) Importer(815301076,1909f56bfc062723c751e8b465ee728b)
Start importing Assets/COPY SPRIGHT/Comic Battle Royale/2D Character - Astronaut/Variant B/Prefabs/Character/hammer_idle_side.prefab using Guid(ad7f43f1bbd64ccfa93c5cb6ca03463e) Importer(815301076,1909f56bfc062723c751e8b465ee728b) (PreviewImporter) -> (artifact id: 'e6b656a62609115652843194c0207c1d') in 0.0145242 seconds
Number of updated asset objects reloaded before import = 0Number of asset objects unloaded after import = 22

========================================================================
Received Import Request.
  Time since last request: 0.000027 seconds.
  path: Assets/COPY SPRIGHT/Comic Battle Royale/2D Character - Astronaut/Variant B/Prefabs/Character/hammer_idle_up.prefab
  artifactKey: Guid(9e1d46e5e2a6462bb206b106d42424fd) Importer(815301076,1909f56bfc062723c751e8b465ee728b)
Start importing Assets/COPY SPRIGHT/Comic Battle Royale/2D Character - Astronaut/Variant B/Prefabs/Character/hammer_idle_up.prefab using Guid(9e1d46e5e2a6462bb206b106d42424fd) Importer(815301076,1909f56bfc062723c751e8b465ee728b) (PreviewImporter) -> (artifact id: '488c3140fcc51ecadf876f72d8c27c68') in 0.0162886 seconds
Number of updated asset objects reloaded before import = 0Number of asset objects unloaded after import = 17

========================================================================
Received Import Request.
  Time since last request: 0.000027 seconds.
  path: Assets/COPY SPRIGHT/Comic Battle Royale/2D Character - Astronaut/Variant B/Prefabs/Character/sword_attack_side.prefab
  artifactKey: Guid(bfdf613d7f844601b8cea6f18ebebf68) Importer(815301076,1909f56bfc062723c751e8b465ee728b)
Start importing Assets/COPY SPRIGHT/Comic Battle Royale/2D Character - Astronaut/Variant B/Prefabs/Character/sword_attack_side.prefab using Guid(bfdf613d7f844601b8cea6f18ebebf68) Importer(815301076,1909f56bfc062723c751e8b465ee728b) (PreviewImporter) -> (artifact id: 'dfc5712f195be3ddbcd452c6cfe9805c') in 0.0246314 seconds
Number of updated asset objects reloaded before import = 0Number of asset objects unloaded after import = 103

========================================================================
Received Import Request.
  Time since last request: 0.000026 seconds.
  path: Assets/COPY SPRIGHT/Comic Battle Royale/2D Character - Astronaut/Variant B/Prefabs/Character/idle_side.prefab
  artifactKey: Guid(f8d015becc0e4aec9d3fffd90c89e63b) Importer(815301076,1909f56bfc062723c751e8b465ee728b)
Start importing Assets/COPY SPRIGHT/Comic Battle Royale/2D Character - Astronaut/Variant B/Prefabs/Character/idle_side.prefab using Guid(f8d015becc0e4aec9d3fffd90c89e63b) Importer(815301076,1909f56bfc062723c751e8b465ee728b) (PreviewImporter) -> (artifact id: '8b6949faea57e0d00cf065569d43b108') in 0.0174042 seconds
Number of updated asset objects reloaded before import = 0Number of asset objects unloaded after import = 57

========================================================================
Received Import Request.
  Time since last request: 0.000023 seconds.
  path: Assets/COPY SPRIGHT/Comic Battle Royale/2D Character - Astronaut/Variant B/Prefabs/Character/jump_down.prefab
  artifactKey: Guid(fe9e69a2f6c74a9f9a8a57f5a5884e68) Importer(815301076,1909f56bfc062723c751e8b465ee728b)
Start importing Assets/COPY SPRIGHT/Comic Battle Royale/2D Character - Astronaut/Variant B/Prefabs/Character/jump_down.prefab using Guid(fe9e69a2f6c74a9f9a8a57f5a5884e68) Importer(815301076,1909f56bfc062723c751e8b465ee728b) (PreviewImporter) -> (artifact id: 'ed7c08bd303bc9a7d7a27ce131723815') in 0.0169355 seconds
Number of updated asset objects reloaded before import = 0Number of asset objects unloaded after import = 53

========================================================================
Received Import Request.
  Time since last request: 0.000029 seconds.
  path: Assets/COPY SPRIGHT/Comic Battle Royale/2D Character - Astronaut/Variant B/Prefabs/Character/bow_walk_down.prefab
  artifactKey: Guid(f451d770d2524a56a3b129e192e12ffe) Importer(815301076,1909f56bfc062723c751e8b465ee728b)
Start importing Assets/COPY SPRIGHT/Comic Battle Royale/2D Character - Astronaut/Variant B/Prefabs/Character/bow_walk_down.prefab using Guid(f451d770d2524a56a3b129e192e12ffe) Importer(815301076,1909f56bfc062723c751e8b465ee728b) (PreviewImporter) -> (artifact id: 'e683af0ddedb06e3fb44c50bd6881e9f') in 0.0273286 seconds
Number of updated asset objects reloaded before import = 0Number of asset objects unloaded after import = 119

========================================================================
Received Import Request.
  Time since last request: 0.000034 seconds.
  path: Assets/COPY SPRIGHT/Comic Battle Royale/2D Character - Astronaut/Variant B/Prefabs/Character/rifle_walk_down.prefab
  artifactKey: Guid(e44a16e6ed794fdcbacf0d302a2b208e) Importer(815301076,1909f56bfc062723c751e8b465ee728b)
Start importing Assets/COPY SPRIGHT/Comic Battle Royale/2D Character - Astronaut/Variant B/Prefabs/Character/rifle_walk_down.prefab using Guid(e44a16e6ed794fdcbacf0d302a2b208e) Importer(815301076,1909f56bfc062723c751e8b465ee728b) (PreviewImporter) -> (artifact id: 'f70651274a9303020deed2dbab970af0') in 0.0204675 seconds
Number of updated asset objects reloaded before import = 0Number of asset objects unloaded after import = 58

========================================================================
Received Import Request.
  Time since last request: 0.000023 seconds.
  path: Assets/COPY SPRIGHT/Comic Battle Royale/2D Character - Astronaut/Variant B/Prefabs/Character/crawl_down.prefab
  artifactKey: Guid(d97af4385f4e4a44b4ac6e7c35d77eb8) Importer(815301076,1909f56bfc062723c751e8b465ee728b)
Start importing Assets/COPY SPRIGHT/Comic Battle Royale/2D Character - Astronaut/Variant B/Prefabs/Character/crawl_down.prefab using Guid(d97af4385f4e4a44b4ac6e7c35d77eb8) Importer(815301076,1909f56bfc062723c751e8b465ee728b) (PreviewImporter) -> (artifact id: '59af5d1dfa0adffac6c5435d046f7375') in 0.020091 seconds
Number of updated asset objects reloaded before import = 0Number of asset objects unloaded after import = 53

========================================================================
Received Import Request.
  Time since last request: 0.000036 seconds.
  path: Assets/COPY SPRIGHT/Comic Battle Royale/2D Character - Astronaut/Variant B/Prefabs/Character/rifle_down.prefab
  artifactKey: Guid(5e9d19d980b84ee088402a58606c1348) Importer(815301076,1909f56bfc062723c751e8b465ee728b)
Start importing Assets/COPY SPRIGHT/Comic Battle Royale/2D Character - Astronaut/Variant B/Prefabs/Character/rifle_down.prefab using Guid(5e9d19d980b84ee088402a58606c1348) Importer(815301076,1909f56bfc062723c751e8b465ee728b) (PreviewImporter) -> (artifact id: '3020c2adf33f6813ce6fc6c04a9b079b') in 0.0186557 seconds
Number of updated asset objects reloaded before import = 0Number of asset objects unloaded after import = 27

========================================================================
Received Import Request.
  Time since last request: 0.000025 seconds.
  path: Assets/COPY SPRIGHT/Comic Battle Royale/2D Character - Astronaut/Variant B/Prefabs/Character/duck_side.prefab
  artifactKey: Guid(b1c3bc73d89e407186324f5d1e303bf0) Importer(815301076,1909f56bfc062723c751e8b465ee728b)
Start importing Assets/COPY SPRIGHT/Comic Battle Royale/2D Character - Astronaut/Variant B/Prefabs/Character/duck_side.prefab using Guid(b1c3bc73d89e407186324f5d1e303bf0) Importer(815301076,1909f56bfc062723c751e8b465ee728b) (PreviewImporter) -> (artifact id: 'f3183fdf60c18a834787a02853178158') in 0.0189219 seconds
Number of updated asset objects reloaded before import = 0Number of asset objects unloaded after import = 57

========================================================================
Received Import Request.
  Time since last request: 0.000027 seconds.
  path: Assets/COPY SPRIGHT/Comic Battle Royale/2D Character - Astronaut/Variant B/Prefabs/Character/crawl_up.prefab
  artifactKey: Guid(0120dfacdfe343cb94911b201bde6078) Importer(815301076,1909f56bfc062723c751e8b465ee728b)
Start importing Assets/COPY SPRIGHT/Comic Battle Royale/2D Character - Astronaut/Variant B/Prefabs/Character/crawl_up.prefab using Guid(0120dfacdfe343cb94911b201bde6078) Importer(815301076,1909f56bfc062723c751e8b465ee728b) (PreviewImporter) -> (artifact id: '045d5e2cf4552406ba9a625b75a0dded') in 0.0175454 seconds
Number of updated asset objects reloaded before import = 0Number of asset objects unloaded after import = 53

========================================================================
Received Import Request.
  Time since last request: 0.000037 seconds.
  path: Assets/COPY SPRIGHT/Comic Battle Royale/2D Character - Astronaut/Variant B/Prefabs/Objects/bomb_explosion.prefab
  artifactKey: Guid(f06f595ec5b1429a9ae31ce13673dbe0) Importer(815301076,1909f56bfc062723c751e8b465ee728b)
Start importing Assets/COPY SPRIGHT/Comic Battle Royale/2D Character - Astronaut/Variant B/Prefabs/Objects/bomb_explosion.prefab using Guid(f06f595ec5b1429a9ae31ce13673dbe0) Importer(815301076,1909f56bfc062723c751e8b465ee728b) (PreviewImporter) -> (artifact id: 'fc8e43f636011adc19cad1961a70c6e7') in 0.0230872 seconds
Number of updated asset objects reloaded before import = 0Number of asset objects unloaded after import = 73

========================================================================
Received Import Request.
  Time since last request: 0.000044 seconds.
  path: Assets/COPY SPRIGHT/Comic Battle Royale/2D Character - Astronaut/Variant B/Prefabs/Objects/Deco_03.prefab
  artifactKey: Guid(e586e077ab9a4cfebf05bad09cbe8740) Importer(815301076,1909f56bfc062723c751e8b465ee728b)
Start importing Assets/COPY SPRIGHT/Comic Battle Royale/2D Character - Astronaut/Variant B/Prefabs/Objects/Deco_03.prefab using Guid(e586e077ab9a4cfebf05bad09cbe8740) Importer(815301076,1909f56bfc062723c751e8b465ee728b) (PreviewImporter) -> (artifact id: 'f5994ef4e996324496627f8f6476ea3f') in 0.0176281 seconds
Number of updated asset objects reloaded before import = 0Number of asset objects unloaded after import = 7

========================================================================
Received Import Request.
  Time since last request: 0.000025 seconds.
  path: Assets/COPY SPRIGHT/Comic Battle Royale/2D Character - Astronaut/Variant B/Prefabs/Character/gun_side.prefab
  artifactKey: Guid(08d513ed9a2543fc88856aa38610daf6) Importer(815301076,1909f56bfc062723c751e8b465ee728b)
Start importing Assets/COPY SPRIGHT/Comic Battle Royale/2D Character - Astronaut/Variant B/Prefabs/Character/gun_side.prefab using Guid(08d513ed9a2543fc88856aa38610daf6) Importer(815301076,1909f56bfc062723c751e8b465ee728b) (PreviewImporter) -> (artifact id: '1b208981102f013d33c82bdcda874d27') in 0.0225663 seconds
Number of updated asset objects reloaded before import = 0Number of asset objects unloaded after import = 32

========================================================================
Received Import Request.
  Time since last request: 0.000029 seconds.
  path: Assets/COPY SPRIGHT/Comic Battle Royale/2D Character - Astronaut/Variant B/Prefabs/Character/hit_B_up.prefab
  artifactKey: Guid(1a6462bdd52442f890a5093bf3cf39ed) Importer(815301076,1909f56bfc062723c751e8b465ee728b)
Start importing Assets/COPY SPRIGHT/Comic Battle Royale/2D Character - Astronaut/Variant B/Prefabs/Character/hit_B_up.prefab using Guid(1a6462bdd52442f890a5093bf3cf39ed) Importer(815301076,1909f56bfc062723c751e8b465ee728b) (PreviewImporter) -> (artifact id: '1d8e9f1e3169bd524961000dad046f25') in 0.0208852 seconds
Number of updated asset objects reloaded before import = 0Number of asset objects unloaded after import = 41

========================================================================
Received Import Request.
  Time since last request: 0.000024 seconds.
  path: Assets/COPY SPRIGHT/Comic Battle Royale/2D Character - Astronaut/Variant B/Prefabs/Character/bow_side.prefab
  artifactKey: Guid(430bf4ef40e8424db5fff93d59a73535) Importer(815301076,1909f56bfc062723c751e8b465ee728b)
Start importing Assets/COPY SPRIGHT/Comic Battle Royale/2D Character - Astronaut/Variant B/Prefabs/Character/bow_side.prefab using Guid(430bf4ef40e8424db5fff93d59a73535) Importer(815301076,1909f56bfc062723c751e8b465ee728b) (PreviewImporter) -> (artifact id: '8b9efcab2deac6da54bf2e07eb246811') in 0.0193374 seconds
Number of updated asset objects reloaded before import = 0Number of asset objects unloaded after import = 36

========================================================================
Received Import Request.
  Time since last request: 0.000027 seconds.
  path: Assets/COPY SPRIGHT/Comic Battle Royale/2D Character - Astronaut/Variant B/Prefabs/Character/gun_walk_side.prefab
  artifactKey: Guid(ce1033b825884905a246406163aaf05a) Importer(815301076,1909f56bfc062723c751e8b465ee728b)
Start importing Assets/COPY SPRIGHT/Comic Battle Royale/2D Character - Astronaut/Variant B/Prefabs/Character/gun_walk_side.prefab using Guid(ce1033b825884905a246406163aaf05a) Importer(815301076,1909f56bfc062723c751e8b465ee728b) (PreviewImporter) -> (artifact id: '7e84339536da78521ab3bf32f6136a5b') in 0.0207848 seconds
Number of updated asset objects reloaded before import = 0Number of asset objects unloaded after import = 94

========================================================================
Received Import Request.
  Time since last request: 0.000029 seconds.
  path: Assets/COPY SPRIGHT/Comic Battle Royale/2D Character - Astronaut/Variant B/Prefabs/Objects/bullet_arrow.prefab
  artifactKey: Guid(1d9e18acf82047fd826fea6d465a1f0e) Importer(815301076,1909f56bfc062723c751e8b465ee728b)
Start importing Assets/COPY SPRIGHT/Comic Battle Royale/2D Character - Astronaut/Variant B/Prefabs/Objects/bullet_arrow.prefab using Guid(1d9e18acf82047fd826fea6d465a1f0e) Importer(815301076,1909f56bfc062723c751e8b465ee728b) (PreviewImporter) -> (artifact id: 'fe4cd252b36b90a615dac98ba85b772d') in 0.0180714 seconds
Number of updated asset objects reloaded before import = 0Number of asset objects unloaded after import = 7

========================================================================
Received Import Request.
  Time since last request: 0.000036 seconds.
  path: Assets/COPY SPRIGHT/Comic Battle Royale/2D Character - Astronaut/Variant B/Prefabs/Character/duck_down.prefab
  artifactKey: Guid(d5615085c6294a00ab3242344b5a8da6) Importer(815301076,1909f56bfc062723c751e8b465ee728b)
Start importing Assets/COPY SPRIGHT/Comic Battle Royale/2D Character - Astronaut/Variant B/Prefabs/Character/duck_down.prefab using Guid(d5615085c6294a00ab3242344b5a8da6) Importer(815301076,1909f56bfc062723c751e8b465ee728b) (PreviewImporter) -> (artifact id: '0a67ca2fb2f41bc40b839b6b1c7b0c0c') in 0.0174966 seconds
Number of updated asset objects reloaded before import = 0Number of asset objects unloaded after import = 57

========================================================================
Received Import Request.
  Time since last request: 0.000025 seconds.
  path: Assets/COPY SPRIGHT/Comic Battle Royale/2D Character - Astronaut/Variant B/Prefabs/Character/rifle_up.prefab
  artifactKey: Guid(55fbddf756aa49b38293f85a78ca1831) Importer(815301076,1909f56bfc062723c751e8b465ee728b)
Start importing Assets/COPY SPRIGHT/Comic Battle Royale/2D Character - Astronaut/Variant B/Prefabs/Character/rifle_up.prefab using Guid(55fbddf756aa49b38293f85a78ca1831) Importer(815301076,1909f56bfc062723c751e8b465ee728b) (PreviewImporter) -> (artifact id: 'eacabe308c6a45e18d0d83f1b740c8cb') in 0.0171379 seconds
Number of updated asset objects reloaded before import = 0Number of asset objects unloaded after import = 27

========================================================================
Received Import Request.
  Time since last request: 0.000027 seconds.
  path: Assets/COPY SPRIGHT/Comic Battle Royale/2D Character - Astronaut/Variant B/Prefabs/Character/scythe_attack_side.prefab
  artifactKey: Guid(9eb030c14a1c470a9f7ec09d2f82e5bf) Importer(815301076,1909f56bfc062723c751e8b465ee728b)
Start importing Assets/COPY SPRIGHT/Comic Battle Royale/2D Character - Astronaut/Variant B/Prefabs/Character/scythe_attack_side.prefab using Guid(9eb030c14a1c470a9f7ec09d2f82e5bf) Importer(815301076,1909f56bfc062723c751e8b465ee728b) (PreviewImporter) -> (artifact id: '2e10fffe08fdb875db649bc76d382981') in 0.0272742 seconds
Number of updated asset objects reloaded before import = 0Number of asset objects unloaded after import = 115

========================================================================
Received Import Request.
  Time since last request: 0.000027 seconds.
  path: Assets/COPY SPRIGHT/Comic Battle Royale/2D Character - Astronaut/Variant B/Prefabs/Character/slide_side.prefab
  artifactKey: Guid(f6db316e6fd440f0b55b5294154f401f) Importer(815301076,1909f56bfc062723c751e8b465ee728b)
Start importing Assets/COPY SPRIGHT/Comic Battle Royale/2D Character - Astronaut/Variant B/Prefabs/Character/slide_side.prefab using Guid(f6db316e6fd440f0b55b5294154f401f) Importer(815301076,1909f56bfc062723c751e8b465ee728b) (PreviewImporter) -> (artifact id: '0a3f5000b1e1f28d052ce18d5a1420b0') in 0.0170007 seconds
Number of updated asset objects reloaded before import = 0Number of asset objects unloaded after import = 37

========================================================================
Received Import Request.
  Time since last request: 0.000023 seconds.
  path: Assets/COPY SPRIGHT/Comic Battle Royale/2D Character - Astronaut/Variant B/Prefabs/Character/sword_attack_up.prefab
  artifactKey: Guid(38fa1496b8fa43fea9f6558c5dc8d664) Importer(815301076,1909f56bfc062723c751e8b465ee728b)
Start importing Assets/COPY SPRIGHT/Comic Battle Royale/2D Character - Astronaut/Variant B/Prefabs/Character/sword_attack_up.prefab using Guid(38fa1496b8fa43fea9f6558c5dc8d664) Importer(815301076,1909f56bfc062723c751e8b465ee728b) (PreviewImporter) -> (artifact id: 'efe3ed6684e2b7aac4280aa8c9d88533') in 0.0194489 seconds
Number of updated asset objects reloaded before import = 0Number of asset objects unloaded after import = 71

========================================================================
Received Import Request.
  Time since last request: 0.000027 seconds.
  path: Assets/COPY SPRIGHT/Comic Battle Royale/2D Character - Astronaut/Variant B/Prefabs/Tilemap/Tilemap_1.asset
  artifactKey: Guid(b666dd2969094e19bab13d07f3c46460) Importer(815301076,1909f56bfc062723c751e8b465ee728b)
Start importing Assets/COPY SPRIGHT/Comic Battle Royale/2D Character - Astronaut/Variant B/Prefabs/Tilemap/Tilemap_1.asset using Guid(b666dd2969094e19bab13d07f3c46460) Importer(815301076,1909f56bfc062723c751e8b465ee728b) (PreviewImporter) -> (artifact id: '1a30561cf4b461a297394b27b84f26b0') in 0.0193599 seconds
Number of updated asset objects reloaded before import = 0Number of asset objects unloaded after import = 3

========================================================================
Received Import Request.
  Time since last request: 0.000037 seconds.
  path: Assets/COPY SPRIGHT/Comic Battle Royale/2D Character - Astronaut/Variant B/Prefabs/Tilemap/Tilemap_16.asset
  artifactKey: Guid(1d33a61b46ec403589e0c30c40918de6) Importer(815301076,1909f56bfc062723c751e8b465ee728b)
Start importing Assets/COPY SPRIGHT/Comic Battle Royale/2D Character - Astronaut/Variant B/Prefabs/Tilemap/Tilemap_16.asset using Guid(1d33a61b46ec403589e0c30c40918de6) Importer(815301076,1909f56bfc062723c751e8b465ee728b) (PreviewImporter) -> (artifact id: 'e2292d00089d3ee24ce787c27b556f73') in 0.0169412 seconds
Number of updated asset objects reloaded before import = 0Number of asset objects unloaded after import = 3

========================================================================
Received Import Request.
  Time since last request: 0.000028 seconds.
  path: Assets/COPY SPRIGHT/Comic Battle Royale/2D Character - Astronaut/Variant B/Prefabs/Tilemap/Tilemap_9.asset
  artifactKey: Guid(e853e348b9ec42e4ad6eb13fa8fd5f10) Importer(815301076,1909f56bfc062723c751e8b465ee728b)
Start importing Assets/COPY SPRIGHT/Comic Battle Royale/2D Character - Astronaut/Variant B/Prefabs/Tilemap/Tilemap_9.asset using Guid(e853e348b9ec42e4ad6eb13fa8fd5f10) Importer(815301076,1909f56bfc062723c751e8b465ee728b) (PreviewImporter) -> (artifact id: '738a0064029d596b3b348c3afee1947d') in 0.0153892 seconds
Number of updated asset objects reloaded before import = 0Number of asset objects unloaded after import = 3

========================================================================
Received Import Request.
  Time since last request: 0.000072 seconds.
  path: Assets/COPY SPRIGHT/Comic Battle Royale/2D Character - Astronaut/Variant B/Prefabs/Tilemap/Tilemap_29.asset
  artifactKey: Guid(3f914a3b2eec465a849275b11212b4b0) Importer(815301076,1909f56bfc062723c751e8b465ee728b)
Start importing Assets/COPY SPRIGHT/Comic Battle Royale/2D Character - Astronaut/Variant B/Prefabs/Tilemap/Tilemap_29.asset using Guid(3f914a3b2eec465a849275b11212b4b0) Importer(815301076,1909f56bfc062723c751e8b465ee728b) (PreviewImporter) -> (artifact id: '51591915458d5f345cbde99cf685feb5') in 0.0185117 seconds
Number of updated asset objects reloaded before import = 0Number of asset objects unloaded after import = 3

========================================================================
Received Import Request.
  Time since last request: 0.000025 seconds.
  path: Assets/COPY SPRIGHT/Comic Battle Royale/2D Character - Astronaut/Variant B/Prefabs/Tilemap/Tilemap_49.asset
  artifactKey: Guid(d61d88bb8702402fbec75d529c4ee177) Importer(815301076,1909f56bfc062723c751e8b465ee728b)
Start importing Assets/COPY SPRIGHT/Comic Battle Royale/2D Character - Astronaut/Variant B/Prefabs/Tilemap/Tilemap_49.asset using Guid(d61d88bb8702402fbec75d529c4ee177) Importer(815301076,1909f56bfc062723c751e8b465ee728b) (PreviewImporter) -> (artifact id: 'bd08a2bab92a37d328b119f356c2e228') in 0.0162543 seconds
Number of updated asset objects reloaded before import = 0Number of asset objects unloaded after import = 3

========================================================================
Received Import Request.
  Time since last request: 0.000033 seconds.
  path: Assets/COPY SPRIGHT/Comic Battle Royale/2D Character - Astronaut/Variant B/Prefabs/Tilemap/Tilemap_15.asset
  artifactKey: Guid(ca34743100574a0386619192e520678e) Importer(815301076,1909f56bfc062723c751e8b465ee728b)
Start importing Assets/COPY SPRIGHT/Comic Battle Royale/2D Character - Astronaut/Variant B/Prefabs/Tilemap/Tilemap_15.asset using Guid(ca34743100574a0386619192e520678e) Importer(815301076,1909f56bfc062723c751e8b465ee728b) (PreviewImporter) -> (artifact id: 'd3f21ea34f1ab665b9dddc349452dc76') in 0.0163142 seconds
Number of updated asset objects reloaded before import = 0Number of asset objects unloaded after import = 3

========================================================================
Received Import Request.
  Time since last request: 0.000025 seconds.
  path: Assets/COPY SPRIGHT/Comic Battle Royale/2D Character - Astronaut/Variant B/Prefabs/Tilemap/Tilemap_33.asset
  artifactKey: Guid(a6260e3af18f45ef863ffcfa57274d2b) Importer(815301076,1909f56bfc062723c751e8b465ee728b)
Start importing Assets/COPY SPRIGHT/Comic Battle Royale/2D Character - Astronaut/Variant B/Prefabs/Tilemap/Tilemap_33.asset using Guid(a6260e3af18f45ef863ffcfa57274d2b) Importer(815301076,1909f56bfc062723c751e8b465ee728b) (PreviewImporter) -> (artifact id: '0cc04ca3efc1167e149671370acc63ed') in 0.0175215 seconds
Number of updated asset objects reloaded before import = 0Number of asset objects unloaded after import = 3

========================================================================
Received Import Request.
  Time since last request: 0.000033 seconds.
  path: Assets/COPY SPRIGHT/Comic Battle Royale/2D Character - Astronaut/Variant B/Prefabs/Tilemap/Tilemap_52.asset
  artifactKey: Guid(44b195074f304ab48c4f2a8c05938de1) Importer(815301076,1909f56bfc062723c751e8b465ee728b)
Start importing Assets/COPY SPRIGHT/Comic Battle Royale/2D Character - Astronaut/Variant B/Prefabs/Tilemap/Tilemap_52.asset using Guid(44b195074f304ab48c4f2a8c05938de1) Importer(815301076,1909f56bfc062723c751e8b465ee728b) (PreviewImporter) -> (artifact id: '81f12dbf1f7c9a0c710d31b202e2994e') in 0.0175982 seconds
Number of updated asset objects reloaded before import = 0Number of asset objects unloaded after import = 3

========================================================================
Received Import Request.
  Time since last request: 0.000023 seconds.
  path: Assets/COPY SPRIGHT/Comic Battle Royale/2D Character - Astronaut/Variant B/Prefabs/Tilemap/Tilemap_51.asset
  artifactKey: Guid(e7345d74a2f646768af1b1e0657559c1) Importer(815301076,1909f56bfc062723c751e8b465ee728b)
Start importing Assets/COPY SPRIGHT/Comic Battle Royale/2D Character - Astronaut/Variant B/Prefabs/Tilemap/Tilemap_51.asset using Guid(e7345d74a2f646768af1b1e0657559c1) Importer(815301076,1909f56bfc062723c751e8b465ee728b) (PreviewImporter) -> (artifact id: 'ba49de42512e8528219db51d1704c2ff') in 0.017627 seconds
Number of updated asset objects reloaded before import = 0Number of asset objects unloaded after import = 3

========================================================================
Received Import Request.
  Time since last request: 0.000024 seconds.
  path: Assets/COPY SPRIGHT/Comic Battle Royale/2D Character - Astronaut/Variant B/Prefabs/Tilemap/Tilemap_27.asset
  artifactKey: Guid(da0e1e2a24474218a00db233a78db925) Importer(815301076,1909f56bfc062723c751e8b465ee728b)
Start importing Assets/COPY SPRIGHT/Comic Battle Royale/2D Character - Astronaut/Variant B/Prefabs/Tilemap/Tilemap_27.asset using Guid(da0e1e2a24474218a00db233a78db925) Importer(815301076,1909f56bfc062723c751e8b465ee728b) (PreviewImporter) -> (artifact id: '05e5b6476391a92b96031ef79b1a0bf3') in 0.0243479 seconds
Number of updated asset objects reloaded before import = 0Number of asset objects unloaded after import = 3

========================================================================
Received Import Request.
  Time since last request: 0.000031 seconds.
  path: Assets/COPY SPRIGHT/Comic Battle Royale/2D Character - Astronaut/Variant B/Prefabs/Tilemap/Tilemap_38.asset
  artifactKey: Guid(ef4d4f8bdcda4d75b8eed77c89fc01c7) Importer(815301076,1909f56bfc062723c751e8b465ee728b)
Start importing Assets/COPY SPRIGHT/Comic Battle Royale/2D Character - Astronaut/Variant B/Prefabs/Tilemap/Tilemap_38.asset using Guid(ef4d4f8bdcda4d75b8eed77c89fc01c7) Importer(815301076,1909f56bfc062723c751e8b465ee728b) (PreviewImporter) -> (artifact id: '69ed090afae5a6a05d134cf5d9169487') in 0.0175738 seconds
Number of updated asset objects reloaded before import = 0Number of asset objects unloaded after import = 3

========================================================================
Received Import Request.
  Time since last request: 0.000043 seconds.
  path: Assets/COPY SPRIGHT/Comic Battle Royale/2D Character - Astronaut/Variant B/Prefabs/Tilemap/Tilemap_22.asset
  artifactKey: Guid(08374df1488541938c97eea5794463bd) Importer(815301076,1909f56bfc062723c751e8b465ee728b)
Start importing Assets/COPY SPRIGHT/Comic Battle Royale/2D Character - Astronaut/Variant B/Prefabs/Tilemap/Tilemap_22.asset using Guid(08374df1488541938c97eea5794463bd) Importer(815301076,1909f56bfc062723c751e8b465ee728b) (PreviewImporter) -> (artifact id: '65d79a7ee4b0c96503463e7e26eea312') in 0.0180063 seconds
Number of updated asset objects reloaded before import = 0Number of asset objects unloaded after import = 3

========================================================================
Received Import Request.
  Time since last request: 0.000027 seconds.
  path: Assets/COPY SPRIGHT/Comic Battle Royale/2D Character - Astronaut/Variant B/Prefabs/Tilemap/Tilemap_5.asset
  artifactKey: Guid(48b0e0e98b5941b09a158ed580982454) Importer(815301076,1909f56bfc062723c751e8b465ee728b)
Start importing Assets/COPY SPRIGHT/Comic Battle Royale/2D Character - Astronaut/Variant B/Prefabs/Tilemap/Tilemap_5.asset using Guid(48b0e0e98b5941b09a158ed580982454) Importer(815301076,1909f56bfc062723c751e8b465ee728b) (PreviewImporter) -> (artifact id: '846809825c9b2ae4fce77f985ead73b2') in 0.0175057 seconds
Number of updated asset objects reloaded before import = 0Number of asset objects unloaded after import = 3

========================================================================
Received Import Request.
  Time since last request: 0.000043 seconds.
  path: Assets/COPY SPRIGHT/Comic Battle Royale/2D Character - Astronaut/Variant B/Prefabs/Tilemap/Tilemap_53.asset
  artifactKey: Guid(347ddbab385642148b7de05a2621d07c) Importer(815301076,1909f56bfc062723c751e8b465ee728b)
Start importing Assets/COPY SPRIGHT/Comic Battle Royale/2D Character - Astronaut/Variant B/Prefabs/Tilemap/Tilemap_53.asset using Guid(347ddbab385642148b7de05a2621d07c) Importer(815301076,1909f56bfc062723c751e8b465ee728b) (PreviewImporter) -> (artifact id: '16ba9351b4ba589b13390d720ec64bbd') in 0.0200024 seconds
Number of updated asset objects reloaded before import = 0Number of asset objects unloaded after import = 3

========================================================================
Received Import Request.
  Time since last request: 0.000029 seconds.
  path: Assets/COPY SPRIGHT/Comic Battle Royale/2D Character - Astronaut/Variant B/Prefabs/Tilemap/Tilemap_47.asset
  artifactKey: Guid(f4929070ebbd40c49f81713c95aac034) Importer(815301076,1909f56bfc062723c751e8b465ee728b)
Start importing Assets/COPY SPRIGHT/Comic Battle Royale/2D Character - Astronaut/Variant B/Prefabs/Tilemap/Tilemap_47.asset using Guid(f4929070ebbd40c49f81713c95aac034) Importer(815301076,1909f56bfc062723c751e8b465ee728b) (PreviewImporter) -> (artifact id: '36403ad46391341d55c1572ea67431b5') in 0.0178826 seconds
Number of updated asset objects reloaded before import = 0Number of asset objects unloaded after import = 3

========================================================================
Received Import Request.
  Time since last request: 0.000023 seconds.
  path: Assets/COPY SPRIGHT/Comic Battle Royale/2D Character - Astronaut/Variant B/Prefabs/Tilemap/Tilemap_30.asset
  artifactKey: Guid(8ec53cc020754b68958238012cc3b8a1) Importer(815301076,1909f56bfc062723c751e8b465ee728b)
Start importing Assets/COPY SPRIGHT/Comic Battle Royale/2D Character - Astronaut/Variant B/Prefabs/Tilemap/Tilemap_30.asset using Guid(8ec53cc020754b68958238012cc3b8a1) Importer(815301076,1909f56bfc062723c751e8b465ee728b) (PreviewImporter) -> (artifact id: 'aa7175af89904cebe5e484cc487e951c') in 0.0173135 seconds
Number of updated asset objects reloaded before import = 0Number of asset objects unloaded after import = 3

========================================================================
Received Import Request.
  Time since last request: 0.000027 seconds.
  path: Assets/COPY SPRIGHT/Comic Battle Royale/2D Character - Astronaut/Variant B/Prefabs/Tilemap/Tilemap_46.asset
  artifactKey: Guid(5496d1f51ce447b6ad5653678536952e) Importer(815301076,1909f56bfc062723c751e8b465ee728b)
Start importing Assets/COPY SPRIGHT/Comic Battle Royale/2D Character - Astronaut/Variant B/Prefabs/Tilemap/Tilemap_46.asset using Guid(5496d1f51ce447b6ad5653678536952e) Importer(815301076,1909f56bfc062723c751e8b465ee728b) (PreviewImporter) -> (artifact id: 'd834f59a3575b925f26a965689561515') in 0.0177072 seconds
Number of updated asset objects reloaded before import = 0Number of asset objects unloaded after import = 3

========================================================================
Received Import Request.
  Time since last request: 0.000026 seconds.
  path: Assets/COPY SPRIGHT/Comic Battle Royale/2D Character - Astronaut/Variant B/Prefabs/Tilemap/Tilemap_24.asset
  artifactKey: Guid(1dbe42605e964c81ac93736476f6bdd9) Importer(815301076,1909f56bfc062723c751e8b465ee728b)
Start importing Assets/COPY SPRIGHT/Comic Battle Royale/2D Character - Astronaut/Variant B/Prefabs/Tilemap/Tilemap_24.asset using Guid(1dbe42605e964c81ac93736476f6bdd9) Importer(815301076,1909f56bfc062723c751e8b465ee728b) (PreviewImporter) -> (artifact id: '2746b79ecc87b425f8f3b1b8fd4fbda6') in 0.0168834 seconds
Number of updated asset objects reloaded before import = 0Number of asset objects unloaded after import = 3

========================================================================
Received Import Request.
  Time since last request: 0.000027 seconds.
  path: Assets/COPY SPRIGHT/Comic Battle Royale/2D Character - Astronaut/Variant B/Prefabs/Tilemap/Tilemap_56.asset
  artifactKey: Guid(c6d5a9d849cf47d69c43ed959c629ec9) Importer(815301076,1909f56bfc062723c751e8b465ee728b)
Start importing Assets/COPY SPRIGHT/Comic Battle Royale/2D Character - Astronaut/Variant B/Prefabs/Tilemap/Tilemap_56.asset using Guid(c6d5a9d849cf47d69c43ed959c629ec9) Importer(815301076,1909f56bfc062723c751e8b465ee728b) (PreviewImporter) -> (artifact id: '127f8d6bebdd91a89541c803e9e9436d') in 0.0173318 seconds
Number of updated asset objects reloaded before import = 0Number of asset objects unloaded after import = 3

========================================================================
Received Import Request.
  Time since last request: 0.000035 seconds.
  path: Assets/COPY SPRIGHT/Comic Battle Royale/2D Character - Astronaut/Variant B/Prefabs/Tilemap/Tilemap_21.asset
  artifactKey: Guid(ff75af1392a748a1be1bb442710bdb76) Importer(815301076,1909f56bfc062723c751e8b465ee728b)
Start importing Assets/COPY SPRIGHT/Comic Battle Royale/2D Character - Astronaut/Variant B/Prefabs/Tilemap/Tilemap_21.asset using Guid(ff75af1392a748a1be1bb442710bdb76) Importer(815301076,1909f56bfc062723c751e8b465ee728b) (PreviewImporter) -> (artifact id: '4fb8122eb2b88dd709aae0a6e4de37ad') in 0.0175505 seconds
Number of updated asset objects reloaded before import = 0Number of asset objects unloaded after import = 3

========================================================================
Received Import Request.
  Time since last request: 0.000023 seconds.
  path: Assets/COPY SPRIGHT/Comic Battle Royale/2D Character - Astronaut/Variant B/Prefabs/Tilemap/Tilemap_3.asset
  artifactKey: Guid(38e4aa814ade47588249194c3f778a0b) Importer(815301076,1909f56bfc062723c751e8b465ee728b)
Start importing Assets/COPY SPRIGHT/Comic Battle Royale/2D Character - Astronaut/Variant B/Prefabs/Tilemap/Tilemap_3.asset using Guid(38e4aa814ade47588249194c3f778a0b) Importer(815301076,1909f56bfc062723c751e8b465ee728b) (PreviewImporter) -> (artifact id: 'f9f9e796f34a1e1c668c791b9da38a7f') in 0.0177832 seconds
Number of updated asset objects reloaded before import = 0Number of asset objects unloaded after import = 3

========================================================================
Received Import Request.
  Time since last request: 0.000022 seconds.
  path: Assets/COPY SPRIGHT/Comic Battle Royale/2D Character - Astronaut/Variant B/Prefabs/Tilemap/Tilemap_48.asset
  artifactKey: Guid(6e98ff8d10ad4764a2c5f372b297c799) Importer(815301076,1909f56bfc062723c751e8b465ee728b)
Start importing Assets/COPY SPRIGHT/Comic Battle Royale/2D Character - Astronaut/Variant B/Prefabs/Tilemap/Tilemap_48.asset using Guid(6e98ff8d10ad4764a2c5f372b297c799) Importer(815301076,1909f56bfc062723c751e8b465ee728b) (PreviewImporter) -> (artifact id: 'fa3bfe981d23d5bedea471b8adc6b533') in 0.0175322 seconds
Number of updated asset objects reloaded before import = 0Number of asset objects unloaded after import = 3

========================================================================
Received Import Request.
  Time since last request: 0.000022 seconds.
  path: Assets/COPY SPRIGHT/Comic Battle Royale/2D Character - Astronaut/Variant B/Prefabs/Tilemap/Tilemap_28.asset
  artifactKey: Guid(9a000a6f0b2b4f7ab9d114a84f107405) Importer(815301076,1909f56bfc062723c751e8b465ee728b)
Start importing Assets/COPY SPRIGHT/Comic Battle Royale/2D Character - Astronaut/Variant B/Prefabs/Tilemap/Tilemap_28.asset using Guid(9a000a6f0b2b4f7ab9d114a84f107405) Importer(815301076,1909f56bfc062723c751e8b465ee728b) (PreviewImporter) -> (artifact id: '5795ed1c165de42faeea693f0761485b') in 0.0160948 seconds
Number of updated asset objects reloaded before import = 0Number of asset objects unloaded after import = 3

========================================================================
Received Import Request.
  Time since last request: 0.000025 seconds.
  path: Assets/COPY SPRIGHT/Comic Battle Royale/2D Character - Astronaut/Variant B/Prefabs/Tilemap/Tilemap_8.asset
  artifactKey: Guid(2799df529c8f42e3b6ceba7ec2d9c210) Importer(815301076,1909f56bfc062723c751e8b465ee728b)
Start importing Assets/COPY SPRIGHT/Comic Battle Royale/2D Character - Astronaut/Variant B/Prefabs/Tilemap/Tilemap_8.asset using Guid(2799df529c8f42e3b6ceba7ec2d9c210) Importer(815301076,1909f56bfc062723c751e8b465ee728b) (PreviewImporter) -> (artifact id: 'ec0f415aa9613fd6f48161367131ff92') in 0.0172588 seconds
Number of updated asset objects reloaded before import = 0Number of asset objects unloaded after import = 3

========================================================================
Received Import Request.
  Time since last request: 0.000025 seconds.
  path: Assets/COPY SPRIGHT/Comic Battle Royale/2D Character - Astronaut/Variant B/Prefabs/Tilemap/Tilemap_25.asset
  artifactKey: Guid(3cc1745bee314cc3a0dda85872c295b1) Importer(815301076,1909f56bfc062723c751e8b465ee728b)
Start importing Assets/COPY SPRIGHT/Comic Battle Royale/2D Character - Astronaut/Variant B/Prefabs/Tilemap/Tilemap_25.asset using Guid(3cc1745bee314cc3a0dda85872c295b1) Importer(815301076,1909f56bfc062723c751e8b465ee728b) (PreviewImporter) -> (artifact id: '3638278975335836139899766c46ec24') in 0.0172563 seconds
Number of updated asset objects reloaded before import = 0Number of asset objects unloaded after import = 3

========================================================================
Received Import Request.
  Time since last request: 0.000031 seconds.
  path: Assets/COPY SPRIGHT/Comic Battle Royale/2D Character - Astronaut/Variant B/Prefabs/Tilemap/Tilemap_14.asset
  artifactKey: Guid(cdcb142405614b8cb3e8761eb233f844) Importer(815301076,1909f56bfc062723c751e8b465ee728b)
Start importing Assets/COPY SPRIGHT/Comic Battle Royale/2D Character - Astronaut/Variant B/Prefabs/Tilemap/Tilemap_14.asset using Guid(cdcb142405614b8cb3e8761eb233f844) Importer(815301076,1909f56bfc062723c751e8b465ee728b) (PreviewImporter) -> (artifact id: '0a1a751b863150674d95fc6917d189fa') in 0.0184215 seconds
Number of updated asset objects reloaded before import = 0Number of asset objects unloaded after import = 3

========================================================================
Received Import Request.
  Time since last request: 0.000031 seconds.
  path: Assets/COPY SPRIGHT/Comic Battle Royale/2D Character - Astronaut/Variant B/Prefabs/Character/hit_B_side.prefab
  artifactKey: Guid(0fddcdfdaced4d1b9b88dacb1aed667e) Importer(815301076,1909f56bfc062723c751e8b465ee728b)
Start importing Assets/COPY SPRIGHT/Comic Battle Royale/2D Character - Astronaut/Variant B/Prefabs/Character/hit_B_side.prefab using Guid(0fddcdfdaced4d1b9b88dacb1aed667e) Importer(815301076,1909f56bfc062723c751e8b465ee728b) (PreviewImporter) -> (artifact id: '8a9c5c8b27e0e40f38b09fb91560d530') in 0.0181149 seconds
Number of updated asset objects reloaded before import = 0Number of asset objects unloaded after import = 41

========================================================================
Received Import Request.
  Time since last request: 0.000025 seconds.
  path: Assets/COPY SPRIGHT/Comic Battle Royale/2D Character - Astronaut/Variant B/Prefabs/Character/walk_side.prefab
  artifactKey: Guid(f1bc5895c1684a54b5ab440cc0c1f013) Importer(815301076,1909f56bfc062723c751e8b465ee728b)
Start importing Assets/COPY SPRIGHT/Comic Battle Royale/2D Character - Astronaut/Variant B/Prefabs/Character/walk_side.prefab using Guid(f1bc5895c1684a54b5ab440cc0c1f013) Importer(815301076,1909f56bfc062723c751e8b465ee728b) (PreviewImporter) -> (artifact id: '5e783b50a297daff1da7eaeddf8c0ecf') in 0.0182061 seconds
Number of updated asset objects reloaded before import = 0Number of asset objects unloaded after import = 43

========================================================================
Received Import Request.
  Time since last request: 0.000022 seconds.
  path: Assets/COPY SPRIGHT/Comic Battle Royale/2D Character - Astronaut/Variant B/Prefabs/Character/scythe_idle_down.prefab
  artifactKey: Guid(37234b26b8844312a3e892e1cb5c1fbf) Importer(815301076,1909f56bfc062723c751e8b465ee728b)
Start importing Assets/COPY SPRIGHT/Comic Battle Royale/2D Character - Astronaut/Variant B/Prefabs/Character/scythe_idle_down.prefab using Guid(37234b26b8844312a3e892e1cb5c1fbf) Importer(815301076,1909f56bfc062723c751e8b465ee728b) (PreviewImporter) -> (artifact id: '9bae9dfdb5adf669f8e19ed819ba1c46') in 0.0178111 seconds
Number of updated asset objects reloaded before import = 0Number of asset objects unloaded after import = 22

========================================================================
Received Import Request.
  Time since last request: 0.000029 seconds.
  path: Assets/COPY SPRIGHT/Comic Battle Royale/2D Character - Astronaut/Variant B/Prefabs/Objects/Deco_01.prefab
  artifactKey: Guid(bb2168531a8c42d8bf3bb57086aafabf) Importer(815301076,1909f56bfc062723c751e8b465ee728b)
Start importing Assets/COPY SPRIGHT/Comic Battle Royale/2D Character - Astronaut/Variant B/Prefabs/Objects/Deco_01.prefab using Guid(bb2168531a8c42d8bf3bb57086aafabf) Importer(815301076,1909f56bfc062723c751e8b465ee728b) (PreviewImporter) -> (artifact id: '598824011b0e2375a547bb18fb80d7ff') in 0.0170207 seconds
Number of updated asset objects reloaded before import = 0Number of asset objects unloaded after import = 7

========================================================================
Received Import Request.
  Time since last request: 0.000027 seconds.
  path: Assets/COPY SPRIGHT/Comic Battle Royale/2D Character - Astronaut/Variant B/Prefabs/Tilemap/Tilemap_44.asset
  artifactKey: Guid(b42e5eb17b5e4c5db37b3c9a87daa363) Importer(815301076,1909f56bfc062723c751e8b465ee728b)
Start importing Assets/COPY SPRIGHT/Comic Battle Royale/2D Character - Astronaut/Variant B/Prefabs/Tilemap/Tilemap_44.asset using Guid(b42e5eb17b5e4c5db37b3c9a87daa363) Importer(815301076,1909f56bfc062723c751e8b465ee728b) (PreviewImporter) -> (artifact id: '3eb00fe1ddeec866f0d9fe8b6b8f2413') in 0.0242254 seconds
Number of updated asset objects reloaded before import = 0Number of asset objects unloaded after import = 3

========================================================================
Received Import Request.
  Time since last request: 0.000046 seconds.
  path: Assets/COPY SPRIGHT/Comic Battle Royale/2D Character - Astronaut/Variant B/Prefabs/Character/rifle_side.prefab
  artifactKey: Guid(1469bfa20222442bacfbce9f393fc62d) Importer(815301076,1909f56bfc062723c751e8b465ee728b)
Start importing Assets/COPY SPRIGHT/Comic Battle Royale/2D Character - Astronaut/Variant B/Prefabs/Character/rifle_side.prefab using Guid(1469bfa20222442bacfbce9f393fc62d) Importer(815301076,1909f56bfc062723c751e8b465ee728b) (PreviewImporter) -> (artifact id: '903a844e0737091f2e3dc2d8036d96ab') in 0.0235423 seconds
Number of updated asset objects reloaded before import = 0Number of asset objects unloaded after import = 32

========================================================================
Received Import Request.
  Time since last request: 0.000027 seconds.
  path: Assets/COPY SPRIGHT/Comic Battle Royale/2D Character - Astronaut/Variant B/Prefabs/Tilemap/Tilemap_10.asset
  artifactKey: Guid(9535d40c4eca4de6af574e3a6a1d170f) Importer(815301076,1909f56bfc062723c751e8b465ee728b)
Start importing Assets/COPY SPRIGHT/Comic Battle Royale/2D Character - Astronaut/Variant B/Prefabs/Tilemap/Tilemap_10.asset using Guid(9535d40c4eca4de6af574e3a6a1d170f) Importer(815301076,1909f56bfc062723c751e8b465ee728b) (PreviewImporter) -> (artifact id: 'cc09820c103a7f6e1ea48e4bdf5002f9') in 0.019362 seconds
Number of updated asset objects reloaded before import = 0Number of asset objects unloaded after import = 3

========================================================================
Received Import Request.
  Time since last request: 0.000034 seconds.
  path: Assets/COPY SPRIGHT/Comic Battle Royale/2D Character - Astronaut/Variant B/Prefabs/Tilemap/Tilemap_31.asset
  artifactKey: Guid(ba247a9156d6411fb27affebd8938475) Importer(815301076,1909f56bfc062723c751e8b465ee728b)
Start importing Assets/COPY SPRIGHT/Comic Battle Royale/2D Character - Astronaut/Variant B/Prefabs/Tilemap/Tilemap_31.asset using Guid(ba247a9156d6411fb27affebd8938475) Importer(815301076,1909f56bfc062723c751e8b465ee728b) (PreviewImporter) -> (artifact id: '230ac61f4c562fcee8b0ef3e8faddcc4') in 0.0181964 seconds
Number of updated asset objects reloaded before import = 0Number of asset objects unloaded after import = 3

========================================================================
Received Import Request.
  Time since last request: 0.000027 seconds.
  path: Assets/COPY SPRIGHT/Comic Battle Royale/2D Character - Astronaut/Variant B/Prefabs/Character/scythe_idle_up.prefab
  artifactKey: Guid(4f701a3bfdb44667b5048dc9f9b2b05a) Importer(815301076,1909f56bfc062723c751e8b465ee728b)
Start importing Assets/COPY SPRIGHT/Comic Battle Royale/2D Character - Astronaut/Variant B/Prefabs/Character/scythe_idle_up.prefab using Guid(4f701a3bfdb44667b5048dc9f9b2b05a) Importer(815301076,1909f56bfc062723c751e8b465ee728b) (PreviewImporter) -> (artifact id: 'bf7480423351f16c3afe6b53efb0613e') in 0.0195025 seconds
Number of updated asset objects reloaded before import = 0Number of asset objects unloaded after import = 17

========================================================================
Received Import Request.
  Time since last request: 0.000032 seconds.
  path: Assets/COPY SPRIGHT/Comic Battle Royale/2D Character - Astronaut/Variant B/Prefabs/Character/hit_B_down.prefab
  artifactKey: Guid(fd69a3cd460247c8988708cb291bcbaa) Importer(815301076,1909f56bfc062723c751e8b465ee728b)
Start importing Assets/COPY SPRIGHT/Comic Battle Royale/2D Character - Astronaut/Variant B/Prefabs/Character/hit_B_down.prefab using Guid(fd69a3cd460247c8988708cb291bcbaa) Importer(815301076,1909f56bfc062723c751e8b465ee728b) (PreviewImporter) -> (artifact id: 'a4b6a3e2698bfc275ba64b90b18c68aa') in 0.0216333 seconds
Number of updated asset objects reloaded before import = 0Number of asset objects unloaded after import = 41

========================================================================
Received Import Request.
  Time since last request: 51.431860 seconds.
  path: Assets/Settings/Renderer2D.asset
  artifactKey: Guid(424799608f7334c24bf367e4bbfa7f9a) Importer(815301076,1909f56bfc062723c751e8b465ee728b)
Start importing Assets/Settings/Renderer2D.asset using Guid(424799608f7334c24bf367e4bbfa7f9a) Importer(815301076,1909f56bfc062723c751e8b465ee728b) (PreviewImporter) -> (artifact id: '403a0a9c0aeae1e5730532c1b4a28511') in 0.0010123 seconds
Number of updated asset objects reloaded before import = 0Number of asset objects unloaded after import = 0

========================================================================
Received Import Request.
  Time since last request: 1.562588 seconds.
  path: Assets/UsedAssets/boss_enemy2.prefab
  artifactKey: Guid(1a1e495bfad70ed4ca87ec65c57cf3f0) Importer(815301076,1909f56bfc062723c751e8b465ee728b)
Start importing Assets/UsedAssets/boss_enemy2.prefab using Guid(1a1e495bfad70ed4ca87ec65c57cf3f0) Importer(815301076,1909f56bfc062723c751e8b465ee728b) (PreviewImporter) -> (artifact id: '0a54fb64be0bcc8203ae8c5df81605da') in 0.0241613 seconds
Number of updated asset objects reloaded before import = 0Number of asset objects unloaded after import = 122

========================================================================
Received Import Request.
  Time since last request: 0.000023 seconds.
  path: Assets/UsedAssets/BossAttackCircle 1.prefab
  artifactKey: Guid(a2f21496e1b8c034392887ae8d86fa23) Importer(815301076,1909f56bfc062723c751e8b465ee728b)
Start importing Assets/UsedAssets/BossAttackCircle 1.prefab using Guid(a2f21496e1b8c034392887ae8d86fa23) Importer(815301076,1909f56bfc062723c751e8b465ee728b) (PreviewImporter) -> (artifact id: 'cb93a38917b19703835aa80ff47862bf') in 0.0156246 seconds
Number of updated asset objects reloaded before import = 0Number of asset objects unloaded after import = 46

========================================================================
Received Import Request.
  Time since last request: 0.000025 seconds.
  path: Assets/UsedAssets/ranged_enemy.prefab
  artifactKey: Guid(f590dbf0aeb5e9b4d963d3bf637da6bf) Importer(815301076,1909f56bfc062723c751e8b465ee728b)
Start importing Assets/UsedAssets/ranged_enemy.prefab using Guid(f590dbf0aeb5e9b4d963d3bf637da6bf) Importer(815301076,1909f56bfc062723c751e8b465ee728b) (PreviewImporter) -> (artifact id: '7d91979b6ee07097f2ad42f9421ba05d') in 0.0182584 seconds
Number of updated asset objects reloaded before import = 0Number of asset objects unloaded after import = 86

========================================================================
Received Import Request.
  Time since last request: 0.000023 seconds.
  path: Assets/UsedAssets/rifle_walk_up.prefab
  artifactKey: Guid(2d3feafc501a31349a6d6a2a9c7caf20) Importer(815301076,1909f56bfc062723c751e8b465ee728b)
Start importing Assets/UsedAssets/rifle_walk_up.prefab using Guid(2d3feafc501a31349a6d6a2a9c7caf20) Importer(815301076,1909f56bfc062723c751e8b465ee728b) (PreviewImporter) -> (artifact id: '3761f8913afc50a6e748c4f1b90a33b7') in 0.01642 seconds
Number of updated asset objects reloaded before import = 0Number of asset objects unloaded after import = 58

========================================================================
Received Import Request.
  Time since last request: 0.000028 seconds.
  path: Assets/UsedAssets/BossAttackCircle 5.prefab
  artifactKey: Guid(1e9a08a59835eeb429fc83db2b91ff6d) Importer(815301076,1909f56bfc062723c751e8b465ee728b)
Start importing Assets/UsedAssets/BossAttackCircle 5.prefab using Guid(1e9a08a59835eeb429fc83db2b91ff6d) Importer(815301076,1909f56bfc062723c751e8b465ee728b) (PreviewImporter) -> (artifact id: '00da36bf89337b7cbdcf8d9d615aa72b') in 0.0163868 seconds
Number of updated asset objects reloaded before import = 0Number of asset objects unloaded after import = 126

========================================================================
Received Import Request.
  Time since last request: 0.000041 seconds.
  path: Assets/UsedAssets/boss_enemy3_city.prefab
  artifactKey: Guid(778ad279b9e91c6488cead9471bd2f64) Importer(815301076,1909f56bfc062723c751e8b465ee728b)
Start importing Assets/UsedAssets/boss_enemy3_city.prefab using Guid(778ad279b9e91c6488cead9471bd2f64) Importer(815301076,1909f56bfc062723c751e8b465ee728b) (PreviewImporter) -> (artifact id: '957aa0f7f5c74d52d2ad0940643dfcb1') in 0.0180347 seconds
Number of updated asset objects reloaded before import = 0Number of asset objects unloaded after import = 202

========================================================================
Received Import Request.
  Time since last request: 0.000026 seconds.
  path: Assets/UsedAssets/RailgunShot.prefab
  artifactKey: Guid(6a163e8b042231a44899232f24ce4aaa) Importer(815301076,1909f56bfc062723c751e8b465ee728b)
Start importing Assets/UsedAssets/RailgunShot.prefab using Guid(6a163e8b042231a44899232f24ce4aaa) Importer(815301076,1909f56bfc062723c751e8b465ee728b) (PreviewImporter) -> (artifact id: 'fba37028e39cc2459dc68d62c02e9e42') in 0.0187515 seconds
Number of updated asset objects reloaded before import = 0Number of asset objects unloaded after import = 29

========================================================================
Received Import Request.
  Time since last request: 0.000027 seconds.
  path: Assets/UsedAssets/rifle_side.prefab
  artifactKey: Guid(5ebd7f42e9c4177479bbde286e7d17f8) Importer(815301076,1909f56bfc062723c751e8b465ee728b)
Start importing Assets/UsedAssets/rifle_side.prefab using Guid(5ebd7f42e9c4177479bbde286e7d17f8) Importer(815301076,1909f56bfc062723c751e8b465ee728b) (PreviewImporter) -> (artifact id: '75950074d1f603043e195c8076ea5be1') in 0.0023658 seconds
Number of updated asset objects reloaded before import = 0Number of asset objects unloaded after import = 18

========================================================================
Received Import Request.
  Time since last request: 0.000034 seconds.
  path: Assets/UsedAssets/HpBar.prefab
  artifactKey: Guid(bd5e7fcb62cccc04db918b4c3c465e2f) Importer(815301076,1909f56bfc062723c751e8b465ee728b)
Start importing Assets/UsedAssets/HpBar.prefab using Guid(bd5e7fcb62cccc04db918b4c3c465e2f) Importer(815301076,1909f56bfc062723c751e8b465ee728b) (PreviewImporter) -> (artifact id: 'ee5c526778bd0e94c671ababe9f3caca') in 0.0036005 seconds
Number of updated asset objects reloaded before import = 0Number of asset objects unloaded after import = 22

========================================================================
Received Import Request.
  Time since last request: 0.000024 seconds.
  path: Assets/UsedAssets/BossAttackCircle 3.prefab
  artifactKey: Guid(9a15df9779f3a2148bca3b4934770dc1) Importer(815301076,1909f56bfc062723c751e8b465ee728b)
Start importing Assets/UsedAssets/BossAttackCircle 3.prefab using Guid(9a15df9779f3a2148bca3b4934770dc1) Importer(815301076,1909f56bfc062723c751e8b465ee728b) (PreviewImporter) -> (artifact id: 'b5789c1eaab4d6a2db7d636e39183493') in 0.0176382 seconds
Number of updated asset objects reloaded before import = 0Number of asset objects unloaded after import = 46

========================================================================
Received Import Request.
  Time since last request: 0.000038 seconds.
  path: Assets/UsedAssets/BossAttackCircle 4.prefab
  artifactKey: Guid(288f00498b3cbf44c9e09f67747e305f) Importer(815301076,1909f56bfc062723c751e8b465ee728b)
Start importing Assets/UsedAssets/BossAttackCircle 4.prefab using Guid(288f00498b3cbf44c9e09f67747e305f) Importer(815301076,1909f56bfc062723c751e8b465ee728b) (PreviewImporter) -> (artifact id: 'eff80a9aebaf903958a04bdb4c0c4b64') in 0.022961 seconds
Number of updated asset objects reloaded before import = 0Number of asset objects unloaded after import = 97

========================================================================
Received Import Request.
  Time since last request: 0.000043 seconds.
  path: Assets/UsedAssets/HpBarParent.prefab
  artifactKey: Guid(e959e3016da621547ac0bac8723e01ef) Importer(815301076,1909f56bfc062723c751e8b465ee728b)
Start importing Assets/UsedAssets/HpBarParent.prefab using Guid(e959e3016da621547ac0bac8723e01ef) Importer(815301076,1909f56bfc062723c751e8b465ee728b) (PreviewImporter) -> (artifact id: '9844b5c4f69682b040a58114f0909f29') in 0.0028219 seconds
Number of updated asset objects reloaded before import = 0Number of asset objects unloaded after import = 24

========================================================================
Received Import Request.
  Time since last request: 0.000023 seconds.
  path: Assets/UsedAssets/bullet_arrow.prefab
  artifactKey: Guid(7bac0515edaf45ec9fb84dfdc54b530a) Importer(815301076,1909f56bfc062723c751e8b465ee728b)
Start importing Assets/UsedAssets/bullet_arrow.prefab using Guid(7bac0515edaf45ec9fb84dfdc54b530a) Importer(815301076,1909f56bfc062723c751e8b465ee728b) (PreviewImporter) -> (artifact id: '1e48316e828a01a6307b829d15e04fcb') in 0.01646 seconds
Number of updated asset objects reloaded before import = 0Number of asset objects unloaded after import = 10

========================================================================
Received Import Request.
  Time since last request: 0.000029 seconds.
  path: Assets/UsedAssets/BossAttackCircle.prefab
  artifactKey: Guid(60990385c57c76a4894b467077663d5b) Importer(815301076,1909f56bfc062723c751e8b465ee728b)
Start importing Assets/UsedAssets/BossAttackCircle.prefab using Guid(60990385c57c76a4894b467077663d5b) Importer(815301076,1909f56bfc062723c751e8b465ee728b) (PreviewImporter) -> (artifact id: 'b0d321c1fe4a7584aa036dcb129f20cd') in 0.0190403 seconds
Number of updated asset objects reloaded before import = 0Number of asset objects unloaded after import = 35

========================================================================
Received Import Request.
  Time since last request: 0.000028 seconds.
  path: Assets/UsedAssets/rifle_side 1.prefab
  artifactKey: Guid(b85bf4eb9a08a394b84e34d949767727) Importer(815301076,1909f56bfc062723c751e8b465ee728b)
Start importing Assets/UsedAssets/rifle_side 1.prefab using Guid(b85bf4eb9a08a394b84e34d949767727) Importer(815301076,1909f56bfc062723c751e8b465ee728b) (PreviewImporter) -> (artifact id: 'ea11fca574efa255aaa17e69cf268d93') in 0.0172516 seconds
Number of updated asset objects reloaded before import = 0Number of asset objects unloaded after import = 32

========================================================================
Received Prepare
Begin MonoManager ReloadAssembly
- Loaded All Assemblies, in  0.898 seconds
Refreshing native plugins compatible for Editor in 1.57 ms, found 4 plugins.
Native extension for WindowsStandalone target not found
Mono: successfully reloaded assembly
- Finished resetting the current domain, in  1.083 seconds
Domain Reload Profiling: 1980ms
	BeginReloadAssembly (271ms)
		ExecutionOrderSort (0ms)
		DisableScriptedObjects (28ms)
		BackupInstance (0ms)
		ReleaseScriptingObjects (0ms)
		CreateAndSetChildDomain (72ms)
	RebuildCommonClasses (40ms)
	RebuildNativeTypeToScriptingClass (14ms)
	initialDomainReloadingComplete (35ms)
	LoadAllAssembliesAndSetupDomain (537ms)
		LoadAssemblies (441ms)
		RebuildTransferFunctionScriptingTraits (0ms)
		AnalyzeDomain (218ms)
			TypeCache.Refresh (8ms)
				TypeCache.ScanAssembly (0ms)
			BuildScriptInfoCaches (194ms)
			ResolveRequiredComponents (12ms)
	FinalizeReload (1084ms)
		ReleaseScriptCaches (0ms)
		RebuildScriptCaches (0ms)
		SetupLoadedEditorAssemblies (863ms)
			LogAssemblyErrors (0ms)
			InitializePlatformSupportModulesInManaged (3ms)
			SetLoadedEditorAssemblies (5ms)
			BeforeProcessingInitializeOnLoad (141ms)
			ProcessInitializeOnLoadAttributes (638ms)
			ProcessInitializeOnLoadMethodAttributes (72ms)
			AfterProcessingInitializeOnLoad (5ms)
			EditorAssembliesLoaded (0ms)
		ExecutionOrderSort2 (0ms)
		AwakeInstancesAfterBackupRestoration (15ms)
Refreshing native plugins compatible for Editor in 2.15 ms, found 4 plugins.
Preloading 0 native plugins for Editor in 0.00 ms.
Unloading 13 Unused Serialized files (Serialized files now loaded: 0)
Unloading 6566 unused Assets / (4.2 MB). Loaded Objects now: 7366.
Memory consumption went from 153.1 MB to 148.8 MB.
Total: 12.746500 ms (FindLiveObjects: 1.411800 ms CreateObjectMapping: 1.022900 ms MarkObjects: 6.897200 ms  DeleteObjects: 3.413200 ms)

Prepare: number of updated asset objects reloaded= 0
